Inicializando base de datos MySQL...
Base de datos lista y estructura verificada.
Verificando migración de DB v2...
Migración v2 verificada.
Verificando migración de DB v3...
Migración v3 verificada.
Verificando migración de DB v4...
Migración v4 verificada.
Verificando migración de DB v5...
Migración v5 verificada.
Verificando migración de DB v6...
Migración V6 verificada.
Verificando migración de DB v7...
Migración V7 verificada.
Verificando migración de DB v8...
Migración V8 verificada.
Verificando migración de DB v9...
Migración V9 verificada.
Verificando migración de DB v10...
Migración V10 verificada.
Verificando migración de DB v11...
Migración V11 verificada.
Verificando migración de DB v12...
Migración V12 verificada.
Verificando migración de DB v13...
Migración V13 verificada.
Verificando migración de DB v14...
Migración V14 verificada.
Verificando migración de DB v15...
Migración V15 verificada.
Verificando migración de DB v16...
Migración v16 verificada.
Verificando migración de DB v17...
Migración V17 verificada.
Verificando migración de DB v18...
Migración V18 verificada.
Verificando migración de DB v19...
Migración V19 verificada.
IA: Entrenada con 28 ejemplos semilla.
IA: Refinada con 21 tareas históricas.

================================================================
 MODO DESARROLLO (Windows)
 Servidor iniciado en hostname: DESKTOP-BVVVOGR
================================================================
 * Serving Flask app 'servidor'
 * Debug mode: on
Inicializando base de datos MySQL...
Base de datos lista y estructura verificada.
Verificando migración de DB v2...
Migración v2 verificada.
Verificando migración de DB v3...
Migración v3 verificada.
Verificando migración de DB v4...
Migración v4 verificada.
Verificando migración de DB v5...
Migración v5 verificada.
Verificando migración de DB v6...
Migración V6 verificada.
Verificando migración de DB v7...
Migración V7 verificada.
Verificando migración de DB v8...
Migración V8 verificada.
Verificando migración de DB v9...
Migración V9 verificada.
Verificando migración de DB v10...
Migración V10 verificada.
Verificando migración de DB v11...
Migración V11 verificada.
Verificando migración de DB v12...
Migración V12 verificada.
Verificando migración de DB v13...
Migración V13 verificada.
Verificando migración de DB v14...
Migración V14 verificada.
Verificando migración de DB v15...
Migración V15 verificada.
Verificando migración de DB v16...
Migración v16 verificada.
Verificando migración de DB v17...
Migración V17 verificada.
Verificando migración de DB v18...
Migración V18 verificada.
Verificando migración de DB v19...
Migración V19 verificada.
IA: Entrenada con 28 ejemplos semilla.
IA: Refinada con 21 tareas históricas.

================================================================
 MODO DESARROLLO (Windows)
 Servidor iniciado en hostname: DESKTOP-BVVVOGR
================================================================
Inventario guardado / actualizado: DESKTOP-BVVVOGR
Inicializando base de datos MySQL...
Base de datos lista y estructura verificada.
Verificando migración de DB v2...
Migración v2 verificada.
Verificando migración de DB v3...
Migración v3 verificada.
Verificando migración de DB v4...
Migración v4 verificada.
Verificando migración de DB v5...
Migración v5 verificada.
Verificando migración de DB v6...
Migración V6 verificada.
Verificando migración de DB v7...
Migración V7 verificada.
Verificando migración de DB v8...
Migración V8 verificada.
Verificando migración de DB v9...
Migración V9 verificada.
Verificando migración de DB v10...
Migración V10 verificada.
Verificando migración de DB v11...
Migración V11 verificada.
Verificando migración de DB v12...
Migración V12 verificada.
Verificando migración de DB v13...
Migración V13 verificada.
Verificando migración de DB v14...
Migración V14 verificada.
Verificando migración de DB v15...
Migración V15 verificada.
Verificando migración de DB v16...
Migración v16 verificada.
Verificando migración de DB v17...
Migración V17 verificada.
Verificando migración de DB v18...
Migración V18 verificada.
Verificando migración de DB v19...
Migración V19 verificada.
IA: Entrenada con 28 ejemplos semilla.
IA: Refinada con 21 tareas históricas.

================================================================
 MODO DESARROLLO (Windows)
 Servidor iniciado en hostname: DESKTOP-BVVVOGR
================================================================
Inicializando base de datos MySQL...
Base de datos lista y estructura verificada.
Verificando migración de DB v2...
Migración v2 verificada.
Verificando migración de DB v3...
Migración v3 verificada.
Verificando migración de DB v4...
Migración v4 verificada.
Verificando migración de DB v5...
Migración v5 verificada.
Verificando migración de DB v6...
Migración V6 verificada.
Verificando migración de DB v7...
Migración V7 verificada.
Verificando migración de DB v8...
Migración V8 verificada.
Verificando migración de DB v9...
Migración V9 verificada.
Verificando migración de DB v10...
Migración V10 verificada.
Verificando migración de DB v11...
Migración V11 verificada.
Verificando migración de DB v12...
Migración V12 verificada.
Verificando migración de DB v13...
Migración V13 verificada.
Verificando migración de DB v14...
Migración V14 verificada.
Verificando migración de DB v15...
Migración V15 verificada.
Verificando migración de DB v16...
Migración v16 verificada.
Verificando migración de DB v17...
Migración V17 verificada.
Verificando migración de DB v18...
Migración V18 verificada.
Verificando migración de DB v19...
Migración V19 verificada.
IA: Entrenada con 28 ejemplos semilla.
IA: Refinada con 21 tareas históricas.

================================================================
 MODO DESARROLLO (Windows)
 Servidor iniciado en hostname: DESKTOP-BVVVOGR
================================================================
Inicializando base de datos MySQL...
Base de datos lista y estructura verificada.
Verificando migración de DB v2...
Migración v2 verificada.
Verificando migración de DB v3...
Migración v3 verificada.
Verificando migración de DB v4...
Migración v4 verificada.
Verificando migración de DB v5...
Migración v5 verificada.
Verificando migración de DB v6...
Migración V6 verificada.
Verificando migración de DB v7...
Migración V7 verificada.
Verificando migración de DB v8...
Migración V8 verificada.
Verificando migración de DB v9...
Migración V9 verificada.
Verificando migración de DB v10...
Migración V10 verificada.
Verificando migración de DB v11...
Migración V11 verificada.
Verificando migración de DB v12...
Migración V12 verificada.
Verificando migración de DB v13...
Migración V13 verificada.
Verificando migración de DB v14...
Migración V14 verificada.
Verificando migración de DB v15...
Migración V15 verificada.
Verificando migración de DB v16...
Migración v16 verificada.
Verificando migración de DB v17...
Migración V17 verificada.
Verificando migración de DB v18...
Migración V18 verificada.
Verificando migración de DB v19...
Migración V19 verificada.
IA: Entrenada con 28 ejemplos semilla.
IA: Refinada con 21 tareas históricas.

================================================================
 MODO DESARROLLO (Windows)
 Servidor iniciado en hostname: DESKTOP-BVVVOGR
================================================================
Inicializando base de datos MySQL...
Base de datos lista y estructura verificada.
Verificando migración de DB v2...
Migración v2 verificada.
Verificando migración de DB v3...
Migración v3 verificada.
Verificando migración de DB v4...
Migración v4 verificada.
Verificando migración de DB v5...
Migración v5 verificada.
Verificando migración de DB v6...
Migración V6 verificada.
Verificando migración de DB v7...
Migración V7 verificada.
Verificando migración de DB v8...
Migración V8 verificada.
Verificando migración de DB v9...
Migración V9 verificada.
Verificando migración de DB v10...
Migración V10 verificada.
Verificando migración de DB v11...
Migración V11 verificada.
Verificando migración de DB v12...
Migración V12 verificada.
Verificando migración de DB v13...
Migración V13 verificada.
Verificando migración de DB v14...
Migración V14 verificada.
Verificando migración de DB v15...
Migración V15 verificada.
Verificando migración de DB v16...
Migración v16 verificada.
Verificando migración de DB v17...
Migración V17 verificada.
Verificando migración de DB v18...
Migración V18 verificada.
Verificando migración de DB v19...
Migración V19 verificada.
IA: Entrenada con 28 ejemplos semilla.
IA: Refinada con 21 tareas históricas.

================================================================
 MODO DESARROLLO (Windows)
 Servidor iniciado en hostname: DESKTOP-BVVVOGR
================================================================
Inicializando base de datos MySQL...
Base de datos lista y estructura verificada.
Verificando migración de DB v2...
Migración v2 verificada.
Verificando migración de DB v3...
Migración v3 verificada.
Verificando migración de DB v4...
Migración v4 verificada.
Verificando migración de DB v5...
Migración v5 verificada.
Verificando migración de DB v6...
Migración V6 verificada.
Verificando migración de DB v7...
Migración V7 verificada.
Verificando migración de DB v8...
Migración V8 verificada.
Verificando migración de DB v9...
Migración V9 verificada.
Verificando migración de DB v10...
Migración V10 verificada.
Verificando migración de DB v11...
Migración V11 verificada.
Verificando migración de DB v12...
Migración V12 verificada.
Verificando migración de DB v13...
Migración V13 verificada.
Verificando migración de DB v14...
Migración V14 verificada.
Verificando migración de DB v15...
Migración V15 verificada.
Verificando migración de DB v16...
Migración v16 verificada.
Verificando migración de DB v17...
Migración V17 verificada.
Verificando migración de DB v18...
Migración V18 verificada.
Verificando migración de DB v19...
Migración V19 verificada.
IA: Entrenada con 28 ejemplos semilla.
IA: Refinada con 21 tareas históricas.

================================================================
 MODO DESARROLLO (Windows)
 Servidor iniciado en hostname: DESKTOP-BVVVOGR
================================================================
Inicializando base de datos MySQL...
Base de datos lista y estructura verificada.
Verificando migración de DB v2...
Migración v2 verificada.
Verificando migración de DB v3...
Migración v3 verificada.
Verificando migración de DB v4...
Migración v4 verificada.
Verificando migración de DB v5...
Migración v5 verificada.
Verificando migración de DB v6...
Migración V6 verificada.
Verificando migración de DB v7...
Migración V7 verificada.
Verificando migración de DB v8...
Migración V8 verificada.
Verificando migración de DB v9...
Migración V9 verificada.
Verificando migración de DB v10...
Migración V10 verificada.
Verificando migración de DB v11...
Migración V11 verificada.
Verificando migración de DB v12...
Migración V12 verificada.
Verificando migración de DB v13...
Migración V13 verificada.
Verificando migración de DB v14...
Migración V14 verificada.
Verificando migración de DB v15...
Migración V15 verificada.
Verificando migración de DB v16...
Migración v16 verificada.
Verificando migración de DB v17...
Migración V17 verificada.
Verificando migración de DB v18...
Migración V18 verificada.
Verificando migración de DB v19...
Migración V19 verificada.
IA: Entrenada con 28 ejemplos semilla.
IA: Refinada con 21 tareas históricas.

================================================================
 MODO DESARROLLO (Windows)
 Servidor iniciado en hostname: DESKTOP-BVVVOGR
================================================================
Inicializando base de datos MySQL...
Base de datos lista y estructura verificada.
Verificando migración de DB v2...
Migración v2 verificada.
Verificando migración de DB v3...
Migración v3 verificada.
Verificando migración de DB v4...
Migración v4 verificada.
Verificando migración de DB v5...
Migración v5 verificada.
Verificando migración de DB v6...
Migración V6 verificada.
Verificando migración de DB v7...
Migración V7 verificada.
Verificando migración de DB v8...
Migración V8 verificada.
Verificando migración de DB v9...
Migración V9 verificada.
Verificando migración de DB v10...
Migración V10 verificada.
Verificando migración de DB v11...
Migración V11 verificada.
Verificando migración de DB v12...
Migración V12 verificada.
Verificando migración de DB v13...
Migración V13 verificada.
Verificando migración de DB v14...
Migración V14 verificada.
Verificando migración de DB v15...
Migración V15 verificada.
Verificando migración de DB v16...
Migración v16 verificada.
Verificando migración de DB v17...
Migración V17 verificada.
Verificando migración de DB v18...
Migración V18 verificada.
Verificando migración de DB v19...
Migración V19 verificada.
Verificando migración de DB v20...
Aplicando migración V20: Agregando 'role' a app_users...
Aplicando migración V20: Agregando 'technician_name' a app_users...
Aplicando migración V20: Agregando 'can_access_dashboard' a app_users...
Aplicando migración V20: Agregando 'can_access_mobile' a app_users...
Aplicando migración V20: Agregando 'can_access_infrastructure' a app_users...
Aplicando migración V20: Agregando 'can_access_reports' a app_users...
Migración V20 verificada.
IA: Entrenada con 28 ejemplos semilla.
IA: Refinada con 21 tareas históricas.

================================================================
 MODO DESARROLLO (Windows)
 Servidor iniciado en hostname: DESKTOP-BVVVOGR
================================================================
Inicializando base de datos MySQL...
Base de datos lista y estructura verificada.
Verificando migración de DB v2...
Migración v2 verificada.
Verificando migración de DB v3...
Migración v3 verificada.
Verificando migración de DB v4...
Migración v4 verificada.
Verificando migración de DB v5...
Migración v5 verificada.
Verificando migración de DB v6...
Migración V6 verificada.
Verificando migración de DB v7...
Migración V7 verificada.
Verificando migración de DB v8...
Migración V8 verificada.
Verificando migración de DB v9...
Migración V9 verificada.
Verificando migración de DB v10...
Migración V10 verificada.
Verificando migración de DB v11...
Migración V11 verificada.
Verificando migración de DB v12...
Migración V12 verificada.
Verificando migración de DB v13...
Migración V13 verificada.
Verificando migración de DB v14...
Migración V14 verificada.
Verificando migración de DB v15...
Migración V15 verificada.
Verificando migración de DB v16...
Migración v16 verificada.
Verificando migración de DB v17...
Migración V17 verificada.
Verificando migración de DB v18...
Migración V18 verificada.
Verificando migración de DB v19...
Migración V19 verificada.
Verificando migración de DB v20...
Migración V20 verificada.
IA: Entrenada con 28 ejemplos semilla.
IA: Refinada con 21 tareas históricas.

================================================================
 MODO DESARROLLO (Windows)
 Servidor iniciado en hostname: DESKTOP-BVVVOGR
================================================================
Inicializando base de datos MySQL...
Base de datos lista y estructura verificada.
Verificando migración de DB v2...
Migración v2 verificada.
Verificando migración de DB v3...
Migración v3 verificada.
Verificando migración de DB v4...
Migración v4 verificada.
Verificando migración de DB v5...
Migración v5 verificada.
Verificando migración de DB v6...
Migración V6 verificada.
Verificando migración de DB v7...
Migración V7 verificada.
Verificando migración de DB v8...
Migración V8 verificada.
Verificando migración de DB v9...
Migración V9 verificada.
Verificando migración de DB v10...
Migración V10 verificada.
Verificando migración de DB v11...
Migración V11 verificada.
Verificando migración de DB v12...
Migración V12 verificada.
Verificando migración de DB v13...
Migración V13 verificada.
Verificando migración de DB v14...
Migración V14 verificada.
Verificando migración de DB v15...
Migración V15 verificada.
Verificando migración de DB v16...
Migración v16 verificada.
Verificando migración de DB v17...
Migración V17 verificada.
Verificando migración de DB v18...
Migración V18 verificada.
Verificando migración de DB v19...
Migración V19 verificada.
Verificando migración de DB v20...
Migración V20 verificada.
IA: Entrenada con 28 ejemplos semilla.
IA: Refinada con 21 tareas históricas.

================================================================
 MODO DESARROLLO (Windows)
 Servidor iniciado en hostname: DESKTOP-BVVVOGR
================================================================
Inicializando base de datos MySQL...
Base de datos lista y estructura verificada.
Verificando migración de DB v2...
Migración v2 verificada.
Verificando migración de DB v3...
Migración v3 verificada.
Verificando migración de DB v4...
Migración v4 verificada.
Verificando migración de DB v5...
Migración v5 verificada.
Verificando migración de DB v6...
Migración V6 verificada.
Verificando migración de DB v7...
Migración V7 verificada.
Verificando migración de DB v8...
Migración V8 verificada.
Verificando migración de DB v9...
Migración V9 verificada.
Verificando migración de DB v10...
Migración V10 verificada.
Verificando migración de DB v11...
Migración V11 verificada.
Verificando migración de DB v12...
Migración V12 verificada.
Verificando migración de DB v13...
Migración V13 verificada.
Verificando migración de DB v14...
Migración V14 verificada.
Verificando migración de DB v15...
Migración V15 verificada.
Verificando migración de DB v16...
Migración v16 verificada.
Verificando migración de DB v17...
Migración V17 verificada.
Verificando migración de DB v18...
Migración V18 verificada.
Verificando migración de DB v19...
Migración V19 verificada.
Verificando migración de DB v20...
Migración V20 verificada.
IA: Entrenada con 28 ejemplos semilla.
IA: Refinada con 21 tareas históricas.

================================================================
 MODO DESARROLLO (Windows)
 Servidor iniciado en hostname: DESKTOP-BVVVOGR
================================================================
Inicializando base de datos MySQL...
Base de datos lista y estructura verificada.
Verificando migración de DB v2...
Migración v2 verificada.
Verificando migración de DB v3...
Migración v3 verificada.
Verificando migración de DB v4...
Migración v4 verificada.
Verificando migración de DB v5...
Migración v5 verificada.
Verificando migración de DB v6...
Migración V6 verificada.
Verificando migración de DB v7...
Migración V7 verificada.
Verificando migración de DB v8...
Migración V8 verificada.
Verificando migración de DB v9...
Migración V9 verificada.
Verificando migración de DB v10...
Migración V10 verificada.
Verificando migración de DB v11...
Migración V11 verificada.
Verificando migración de DB v12...
Migración V12 verificada.
Verificando migración de DB v13...
Migración V13 verificada.
Verificando migración de DB v14...
Migración V14 verificada.
Verificando migración de DB v15...
Migración V15 verificada.
Verificando migración de DB v16...
Migración v16 verificada.
Verificando migración de DB v17...
Migración V17 verificada.
Verificando migración de DB v18...
Migración V18 verificada.
Verificando migración de DB v19...
Migración V19 verificada.
Verificando migración de DB v20...
Migración V20 verificada.
IA: Entrenada con 28 ejemplos semilla.
IA: Refinada con 21 tareas históricas.

================================================================
 MODO DESARROLLO (Windows)
 Servidor iniciado en hostname: DESKTOP-BVVVOGR
================================================================
Inicializando base de datos MySQL...
Base de datos lista y estructura verificada.
Verificando migración de DB v2...
Migración v2 verificada.
Verificando migración de DB v3...
Migración v3 verificada.
Verificando migración de DB v4...
Migración v4 verificada.
Verificando migración de DB v5...
Migración v5 verificada.
Verificando migración de DB v6...
Migración V6 verificada.
Verificando migración de DB v7...
Migración V7 verificada.
Verificando migración de DB v8...
Migración V8 verificada.
Verificando migración de DB v9...
Migración V9 verificada.
Verificando migración de DB v10...
Migración V10 verificada.
Verificando migración de DB v11...
Migración V11 verificada.
Verificando migración de DB v12...
Migración V12 verificada.
Verificando migración de DB v13...
Migración V13 verificada.
Verificando migración de DB v14...
Migración V14 verificada.
Verificando migración de DB v15...
Migración V15 verificada.
Verificando migración de DB v16...
Migración v16 verificada.
Verificando migración de DB v17...
Migración V17 verificada.
Verificando migración de DB v18...
Migración V18 verificada.
Verificando migración de DB v19...
Migración V19 verificada.
Verificando migración de DB v20...
Migración V20 verificada.
IA: Entrenada con 28 ejemplos semilla.
IA: Refinada con 21 tareas históricas.

================================================================
 MODO DESARROLLO (Windows)
 Servidor iniciado en hostname: DESKTOP-BVVVOGR
================================================================
Inicializando base de datos MySQL...
Base de datos lista y estructura verificada.
Verificando migración de DB v2...
Migración v2 verificada.
Verificando migración de DB v3...
Migración v3 verificada.
Verificando migración de DB v4...
Migración v4 verificada.
Verificando migración de DB v5...
Migración v5 verificada.
Verificando migración de DB v6...
Migración V6 verificada.
Verificando migración de DB v7...
Migración V7 verificada.
Verificando migración de DB v8...
Migración V8 verificada.
Verificando migración de DB v9...
Migración V9 verificada.
Verificando migración de DB v10...
Migración V10 verificada.
Verificando migración de DB v11...
Migración V11 verificada.
Verificando migración de DB v12...
Migración V12 verificada.
Verificando migración de DB v13...
Migración V13 verificada.
Verificando migración de DB v14...
Migración V14 verificada.
Verificando migración de DB v15...
Migración V15 verificada.
Verificando migración de DB v16...
Migración v16 verificada.
Verificando migración de DB v17...
Migración V17 verificada.
Verificando migración de DB v18...
Migración V18 verificada.
Verificando migración de DB v19...
Migración V19 verificada.
Verificando migración de DB v20...
Migración V20 verificada.
IA: Entrenada con 28 ejemplos semilla.
IA: Refinada con 21 tareas históricas.

================================================================
 MODO DESARROLLO (Windows)
 Servidor iniciado en hostname: DESKTOP-BVVVOGR
================================================================
Inicializando base de datos MySQL...
Base de datos lista y estructura verificada.
Verificando migración de DB v2...
Migración v2 verificada.
Verificando migración de DB v3...
Migración v3 verificada.
Verificando migración de DB v4...
Migración v4 verificada.
Verificando migración de DB v5...
Migración v5 verificada.
Verificando migración de DB v6...
Migración V6 verificada.
Verificando migración de DB v7...
Migración V7 verificada.
Verificando migración de DB v8...
Migración V8 verificada.
Verificando migración de DB v9...
Migración V9 verificada.
Verificando migración de DB v10...
Migración V10 verificada.
Verificando migración de DB v11...
Migración V11 verificada.
Verificando migración de DB v12...
Migración V12 verificada.
Verificando migración de DB v13...
Migración V13 verificada.
Verificando migración de DB v14...
Migración V14 verificada.
Verificando migración de DB v15...
Migración V15 verificada.
Verificando migración de DB v16...
Migración v16 verificada.
Verificando migración de DB v17...
Migración V17 verificada.
Verificando migración de DB v18...
Migración V18 verificada.
Verificando migración de DB v19...
Migración V19 verificada.
Verificando migración de DB v20...
Migración V20 verificada.
IA: Entrenada con 28 ejemplos semilla.
IA: Refinada con 21 tareas históricas.

================================================================
 MODO DESARROLLO (Windows)
 Servidor iniciado en hostname: DESKTOP-BVVVOGR
================================================================
Inicializando base de datos MySQL...
Base de datos lista y estructura verificada.
Verificando migración de DB v2...
Migración v2 verificada.
Verificando migración de DB v3...
Migración v3 verificada.
Verificando migración de DB v4...
Migración v4 verificada.
Verificando migración de DB v5...
Migración v5 verificada.
Verificando migración de DB v6...
Migración V6 verificada.
Verificando migración de DB v7...
Migración V7 verificada.
Verificando migración de DB v8...
Migración V8 verificada.
Verificando migración de DB v9...
Migración V9 verificada.
Verificando migración de DB v10...
Migración V10 verificada.
Verificando migración de DB v11...
Migración V11 verificada.
Verificando migración de DB v12...
Migración V12 verificada.
Verificando migración de DB v13...
Migración V13 verificada.
Verificando migración de DB v14...
Migración V14 verificada.
Verificando migración de DB v15...
Migración V15 verificada.
Verificando migración de DB v16...
Migración v16 verificada.
Verificando migración de DB v17...
Migración V17 verificada.
Verificando migración de DB v18...
Migración V18 verificada.
Verificando migración de DB v19...
Migración V19 verificada.
Verificando migración de DB v20...
Migración V20 verificada.
IA: Entrenada con 28 ejemplos semilla.
IA: Refinada con 21 tareas históricas.

================================================================
 MODO DESARROLLO (Windows)
 Servidor iniciado en hostname: DESKTOP-BVVVOGR
================================================================
Inicializando base de datos MySQL...
Base de datos lista y estructura verificada.
Verificando migración de DB v2...
Migración v2 verificada.
Verificando migración de DB v3...
Migración v3 verificada.
Verificando migración de DB v4...
Migración v4 verificada.
Verificando migración de DB v5...
Migración v5 verificada.
Verificando migración de DB v6...
Migración V6 verificada.
Verificando migración de DB v7...
Migración V7 verificada.
Verificando migración de DB v8...
Migración V8 verificada.
Verificando migración de DB v9...
Migración V9 verificada.
Verificando migración de DB v10...
Migración V10 verificada.
Verificando migración de DB v11...
Migración V11 verificada.
Verificando migración de DB v12...
Migración V12 verificada.
Verificando migración de DB v13...
Migración V13 verificada.
Verificando migración de DB v14...
Migración V14 verificada.
Verificando migración de DB v15...
Migración V15 verificada.
Verificando migración de DB v16...
Migración v16 verificada.
Verificando migración de DB v17...
Migración V17 verificada.
Verificando migración de DB v18...
Migración V18 verificada.
Verificando migración de DB v19...
Migración V19 verificada.
Verificando migración de DB v20...
Migración V20 verificada.
IA: Entrenada con 28 ejemplos semilla.
IA: Refinada con 21 tareas históricas.

================================================================
 MODO DESARROLLO (Windows)
 Servidor iniciado en hostname: DESKTOP-BVVVOGR
================================================================
Inicializando base de datos MySQL...
Base de datos lista y estructura verificada.
Verificando migración de DB v2...
Migración v2 verificada.
Verificando migración de DB v3...
Migración v3 verificada.
Verificando migración de DB v4...
Migración v4 verificada.
Verificando migración de DB v5...
Migración v5 verificada.
Verificando migración de DB v6...
Migración V6 verificada.
Verificando migración de DB v7...
Migración V7 verificada.
Verificando migración de DB v8...
Migración V8 verificada.
Verificando migración de DB v9...
Migración V9 verificada.
Verificando migración de DB v10...
Migración V10 verificada.
Verificando migración de DB v11...
Migración V11 verificada.
Verificando migración de DB v12...
Migración V12 verificada.
Verificando migración de DB v13...
Migración V13 verificada.
Verificando migración de DB v14...
Migración V14 verificada.
Verificando migración de DB v15...
Migración V15 verificada.
Verificando migración de DB v16...
Migración v16 verificada.
Verificando migración de DB v17...
Migración V17 verificada.
Verificando migración de DB v18...
Migración V18 verificada.
Verificando migración de DB v19...
Migración V19 verificada.
Verificando migración de DB v20...
Migración V20 verificada.
IA: Entrenada con 28 ejemplos semilla.
IA: Refinada con 21 tareas históricas.

================================================================
 MODO DESARROLLO (Windows)
 Servidor iniciado en hostname: DESKTOP-BVVVOGR
================================================================
Inicializando base de datos MySQL...
Base de datos lista y estructura verificada.
Verificando migración de DB v2...
Migración v2 verificada.
Verificando migración de DB v3...
Migración v3 verificada.
Verificando migración de DB v4...
Migración v4 verificada.
Verificando migración de DB v5...
Migración v5 verificada.
Verificando migración de DB v6...
Migración V6 verificada.
Verificando migración de DB v7...
Migración V7 verificada.
Verificando migración de DB v8...
Migración V8 verificada.
Verificando migración de DB v9...
Migración V9 verificada.
Verificando migración de DB v10...
Migración V10 verificada.
Verificando migración de DB v11...
Migración V11 verificada.
Verificando migración de DB v12...
Migración V12 verificada.
Verificando migración de DB v13...
Migración V13 verificada.
Verificando migración de DB v14...
Migración V14 verificada.
Verificando migración de DB v15...
Migración V15 verificada.
Verificando migración de DB v16...
Migración v16 verificada.
Verificando migración de DB v17...
Migración V17 verificada.
Verificando migración de DB v18...
Migración V18 verificada.
Verificando migración de DB v19...
Migración V19 verificada.
Verificando migración de DB v20...
Migración V20 verificada.
IA: Entrenada con 28 ejemplos semilla.
IA: Refinada con 21 tareas históricas.

================================================================
 MODO DESARROLLO (Windows)
 Servidor iniciado en hostname: DESKTOP-BVVVOGR
================================================================
Inicializando base de datos MySQL...
Base de datos lista y estructura verificada.
Verificando migración de DB v2...
Migración v2 verificada.
Verificando migración de DB v3...
Migración v3 verificada.
Verificando migración de DB v4...
Migración v4 verificada.
Verificando migración de DB v5...
Migración v5 verificada.
Verificando migración de DB v6...
Migración V6 verificada.
Verificando migración de DB v7...
Migración V7 verificada.
Verificando migración de DB v8...
Migración V8 verificada.
Verificando migración de DB v9...
Migración V9 verificada.
Verificando migración de DB v10...
Migración V10 verificada.
Verificando migración de DB v11...
Migración V11 verificada.
Verificando migración de DB v12...
Migración V12 verificada.
Verificando migración de DB v13...
Migración V13 verificada.
Verificando migración de DB v14...
Migración V14 verificada.
Verificando migración de DB v15...
Migración V15 verificada.
Verificando migración de DB v16...
Migración v16 verificada.
Verificando migración de DB v17...
Migración V17 verificada.
Verificando migración de DB v18...
Migración V18 verificada.
Verificando migración de DB v19...
Migración V19 verificada.
Verificando migración de DB v20...
Migración V20 verificada.
IA: Entrenada con 28 ejemplos semilla.
IA: Refinada con 21 tareas históricas.

================================================================
 MODO DESARROLLO (Windows)
 Servidor iniciado en hostname: DESKTOP-BVVVOGR
================================================================
Inicializando base de datos MySQL...
Base de datos lista y estructura verificada.
Verificando migración de DB v2...
Migración v2 verificada.
Verificando migración de DB v3...
Migración v3 verificada.
Verificando migración de DB v4...
Migración v4 verificada.
Verificando migración de DB v5...
Migración v5 verificada.
Verificando migración de DB v6...
Migración V6 verificada.
Verificando migración de DB v7...
Migración V7 verificada.
Verificando migración de DB v8...
Migración V8 verificada.
Verificando migración de DB v9...
Migración V9 verificada.
Verificando migración de DB v10...
Migración V10 verificada.
Verificando migración de DB v11...
Migración V11 verificada.
Verificando migración de DB v12...
Migración V12 verificada.
Verificando migración de DB v13...
Migración V13 verificada.
Verificando migración de DB v14...
Migración V14 verificada.
Verificando migración de DB v15...
Migración V15 verificada.
Verificando migración de DB v16...
Migración v16 verificada.
Verificando migración de DB v17...
Migración V17 verificada.
Verificando migración de DB v18...
Migración V18 verificada.
Verificando migración de DB v19...
Migración V19 verificada.
Verificando migración de DB v20...
Migración V20 verificada.
IA: Entrenada con 28 ejemplos semilla.
IA: Refinada con 21 tareas históricas.

================================================================
 MODO DESARROLLO (Windows)
 Servidor iniciado en hostname: DESKTOP-BVVVOGR
================================================================
Inicializando base de datos MySQL...
Base de datos lista y estructura verificada.
Verificando migración de DB v2...
Migración v2 verificada.
Verificando migración de DB v3...
Migración v3 verificada.
Verificando migración de DB v4...
Migración v4 verificada.
Verificando migración de DB v5...
Migración v5 verificada.
Verificando migración de DB v6...
Migración V6 verificada.
Verificando migración de DB v7...
Migración V7 verificada.
Verificando migración de DB v8...
Migración V8 verificada.
Verificando migración de DB v9...
Migración V9 verificada.
Verificando migración de DB v10...
Migración V10 verificada.
Verificando migración de DB v11...
Migración V11 verificada.
Verificando migración de DB v12...
Migración V12 verificada.
Verificando migración de DB v13...
Migración V13 verificada.
Verificando migración de DB v14...
Migración V14 verificada.
Verificando migración de DB v15...
Migración V15 verificada.
Verificando migración de DB v16...
Migración v16 verificada.
Verificando migración de DB v17...
Migración V17 verificada.
Verificando migración de DB v18...
Migración V18 verificada.
Verificando migración de DB v19...
Migración V19 verificada.
Verificando migración de DB v20...
Migración V20 verificada.
IA: Entrenada con 28 ejemplos semilla.
IA: Refinada con 21 tareas históricas.

================================================================
 MODO DESARROLLO (Windows)
 Servidor iniciado en hostname: DESKTOP-BVVVOGR
================================================================
Inicializando base de datos MySQL...
Base de datos lista y estructura verificada.
Verificando migración de DB v2...
Migración v2 verificada.
Verificando migración de DB v3...
Migración v3 verificada.
Verificando migración de DB v4...
Migración v4 verificada.
Verificando migración de DB v5...
Migración v5 verificada.
Verificando migración de DB v6...
Migración V6 verificada.
Verificando migración de DB v7...
Migración V7 verificada.
Verificando migración de DB v8...
Migración V8 verificada.
Verificando migración de DB v9...
Migración V9 verificada.
Verificando migración de DB v10...
Migración V10 verificada.
Verificando migración de DB v11...
Migración V11 verificada.
Verificando migración de DB v12...
Migración V12 verificada.
Verificando migración de DB v13...
Migración V13 verificada.
Verificando migración de DB v14...
Migración V14 verificada.
Verificando migración de DB v15...
Migración V15 verificada.
Verificando migración de DB v16...
Migración v16 verificada.
Verificando migración de DB v17...
Migración V17 verificada.
Verificando migración de DB v18...
Migración V18 verificada.
Verificando migración de DB v19...
Migración V19 verificada.
Verificando migración de DB v20...
Migración V20 verificada.
IA: Entrenada con 28 ejemplos semilla.
IA: Refinada con 21 tareas históricas.

================================================================
 MODO DESARROLLO (Windows)
 Servidor iniciado en hostname: DESKTOP-BVVVOGR
================================================================
Inicializando base de datos MySQL...
Base de datos lista y estructura verificada.
Verificando migración de DB v2...
Migración v2 verificada.
Verificando migración de DB v3...
Migración v3 verificada.
Verificando migración de DB v4...
Migración v4 verificada.
Verificando migración de DB v5...
Migración v5 verificada.
Verificando migración de DB v6...
Migración V6 verificada.
Verificando migración de DB v7...
Migración V7 verificada.
Verificando migración de DB v8...
Migración V8 verificada.
Verificando migración de DB v9...
Migración V9 verificada.
Verificando migración de DB v10...
Migración V10 verificada.
Verificando migración de DB v11...
Migración V11 verificada.
Verificando migración de DB v12...
Migración V12 verificada.
Verificando migración de DB v13...
Migración V13 verificada.
Verificando migración de DB v14...
Migración V14 verificada.
Verificando migración de DB v15...
Migración V15 verificada.
Verificando migración de DB v16...
Migración v16 verificada.
Verificando migración de DB v17...
Migración V17 verificada.
Verificando migración de DB v18...
Migración V18 verificada.
Verificando migración de DB v19...
Migración V19 verificada.
Verificando migración de DB v20...
Migración V20 verificada.
IA: Entrenada con 28 ejemplos semilla.
IA: Refinada con 21 tareas históricas.

================================================================
 MODO DESARROLLO (Windows)
 Servidor iniciado en hostname: DESKTOP-BVVVOGR
================================================================
Inicializando base de datos MySQL...
Base de datos lista y estructura verificada.
Verificando migración de DB v2...
Migración v2 verificada.
Verificando migración de DB v3...
Migración v3 verificada.
Verificando migración de DB v4...
Migración v4 verificada.
Verificando migración de DB v5...
Migración v5 verificada.
Verificando migración de DB v6...
Migración V6 verificada.
Verificando migración de DB v7...
Migración V7 verificada.
Verificando migración de DB v8...
Migración V8 verificada.
Verificando migración de DB v9...
Migración V9 verificada.
Verificando migración de DB v10...
Migración V10 verificada.
Verificando migración de DB v11...
Migración V11 verificada.
Verificando migración de DB v12...
Migración V12 verificada.
Verificando migración de DB v13...
Migración V13 verificada.
Verificando migración de DB v14...
Migración V14 verificada.
Verificando migración de DB v15...
Migración V15 verificada.
Verificando migración de DB v16...
Migración v16 verificada.
Verificando migración de DB v17...
Migración V17 verificada.
Verificando migración de DB v18...
Migración V18 verificada.
Verificando migración de DB v19...
Migración V19 verificada.
Verificando migración de DB v20...
Migración V20 verificada.
IA: Entrenada con 28 ejemplos semilla.
IA: Refinada con 21 tareas históricas.

================================================================
 MODO DESARROLLO (Windows)
 Servidor iniciado en hostname: DESKTOP-BVVVOGR
================================================================
Inicializando base de datos MySQL...
Base de datos lista y estructura verificada.
Verificando migración de DB v2...
Migración v2 verificada.
Verificando migración de DB v3...
Migración v3 verificada.
Verificando migración de DB v4...
Migración v4 verificada.
Verificando migración de DB v5...
Migración v5 verificada.
Verificando migración de DB v6...
Migración V6 verificada.
Verificando migración de DB v7...
Migración V7 verificada.
Verificando migración de DB v8...
Migración V8 verificada.
Verificando migración de DB v9...
Migración V9 verificada.
Verificando migración de DB v10...
Migración V10 verificada.
Verificando migración de DB v11...
Migración V11 verificada.
Verificando migración de DB v12...
Migración V12 verificada.
Verificando migración de DB v13...
Migración V13 verificada.
Verificando migración de DB v14...
Migración V14 verificada.
Verificando migración de DB v15...
Migración V15 verificada.
Verificando migración de DB v16...
Migración v16 verificada.
Verificando migración de DB v17...
Migración V17 verificada.
Verificando migración de DB v18...
Migración V18 verificada.
Verificando migración de DB v19...
Migración V19 verificada.
Verificando migración de DB v20...
Migración V20 verificada.
IA: Entrenada con 28 ejemplos semilla.
IA: Refinada con 21 tareas históricas.

================================================================
 MODO DESARROLLO (Windows)
 Servidor iniciado en hostname: DESKTOP-BVVVOGR
================================================================
Inicializando base de datos MySQL...
Base de datos lista y estructura verificada.
Verificando migración de DB v2...
Migración v2 verificada.
Verificando migración de DB v3...
Migración v3 verificada.
Verificando migración de DB v4...
Migración v4 verificada.
Verificando migración de DB v5...
Migración v5 verificada.
Verificando migración de DB v6...
Migración V6 verificada.
Verificando migración de DB v7...
Migración V7 verificada.
Verificando migración de DB v8...
Migración V8 verificada.
Verificando migración de DB v9...
Migración V9 verificada.
Verificando migración de DB v10...
Migración V10 verificada.
Verificando migración de DB v11...
Migración V11 verificada.
Verificando migración de DB v12...
Migración V12 verificada.
Verificando migración de DB v13...
Migración V13 verificada.
Verificando migración de DB v14...
Migración V14 verificada.
Verificando migración de DB v15...
Migración V15 verificada.
Verificando migración de DB v16...
Migración v16 verificada.
Verificando migración de DB v17...
Migración V17 verificada.
Verificando migración de DB v18...
Migración V18 verificada.
Verificando migración de DB v19...
Migración V19 verificada.
Verificando migración de DB v20...
Migración V20 verificada.
IA: Entrenada con 28 ejemplos semilla.
IA: Refinada con 21 tareas históricas.

================================================================
 MODO DESARROLLO (Windows)
 Servidor iniciado en hostname: DESKTOP-BVVVOGR
================================================================
Inicializando base de datos MySQL...
Base de datos lista y estructura verificada.
Verificando migración de DB v2...
Migración v2 verificada.
Verificando migración de DB v3...
Migración v3 verificada.
Verificando migración de DB v4...
Migración v4 verificada.
Verificando migración de DB v5...
Migración v5 verificada.
Verificando migración de DB v6...
Migración V6 verificada.
Verificando migración de DB v7...
Migración V7 verificada.
Verificando migración de DB v8...
Migración V8 verificada.
Verificando migración de DB v9...
Migración V9 verificada.
Verificando migración de DB v10...
Migración V10 verificada.
Verificando migración de DB v11...
Migración V11 verificada.
Verificando migración de DB v12...
Migración V12 verificada.
Verificando migración de DB v13...
Migración V13 verificada.
Verificando migración de DB v14...
Migración V14 verificada.
Verificando migración de DB v15...
Migración V15 verificada.
Verificando migración de DB v16...
Migración v16 verificada.
Verificando migración de DB v17...
Migración V17 verificada.
Verificando migración de DB v18...
Migración V18 verificada.
Verificando migración de DB v19...
Migración V19 verificada.
Verificando migración de DB v20...
Migración V20 verificada.
IA: Entrenada con 28 ejemplos semilla.
IA: Refinada con 21 tareas históricas.

================================================================
 MODO DESARROLLO (Windows)
 Servidor iniciado en hostname: DESKTOP-BVVVOGR
================================================================
Inicializando base de datos MySQL...
Base de datos lista y estructura verificada.
Verificando migración de DB v2...
Migración v2 verificada.
Verificando migración de DB v3...
Migración v3 verificada.
Verificando migración de DB v4...
Migración v4 verificada.
Verificando migración de DB v5...
Migración v5 verificada.
Verificando migración de DB v6...
Migración V6 verificada.
Verificando migración de DB v7...
Migración V7 verificada.
Verificando migración de DB v8...
Migración V8 verificada.
Verificando migración de DB v9...
Migración V9 verificada.
Verificando migración de DB v10...
Migración V10 verificada.
Verificando migración de DB v11...
Migración V11 verificada.
Verificando migración de DB v12...
Migración V12 verificada.
Verificando migración de DB v13...
Migración V13 verificada.
Verificando migración de DB v14...
Migración V14 verificada.
Verificando migración de DB v15...
Migración V15 verificada.
Verificando migración de DB v16...
Migración v16 verificada.
Verificando migración de DB v17...
Migración V17 verificada.
Verificando migración de DB v18...
Migración V18 verificada.
Verificando migración de DB v19...
Migración V19 verificada.
Verificando migración de DB v20...
Migración V20 verificada.
IA: Entrenada con 28 ejemplos semilla.
IA: Refinada con 21 tareas históricas.

================================================================
 MODO DESARROLLO (Windows)
 Servidor iniciado en hostname: DESKTOP-BVVVOGR
================================================================
[NOTIF] Saved to DB:  Nueva Tarea Suelta
[FCM] Error sending push: Expecting value: line 1 column 1 (char 0)
Inicializando base de datos MySQL...
Base de datos lista y estructura verificada.
Verificando migración de DB v2...
Migración v2 verificada.
Verificando migración de DB v3...
Migración v3 verificada.
Verificando migración de DB v4...
Migración v4 verificada.
Verificando migración de DB v5...
Migración v5 verificada.
Verificando migración de DB v6...
Migración V6 verificada.
Verificando migración de DB v7...
Migración V7 verificada.
Verificando migración de DB v8...
Migración V8 verificada.
Verificando migración de DB v9...
Migración V9 verificada.
Verificando migración de DB v10...
Migración V10 verificada.
Verificando migración de DB v11...
Migración V11 verificada.
Verificando migración de DB v12...
Migración V12 verificada.
Verificando migración de DB v13...
Migración V13 verificada.
Verificando migración de DB v14...
Migración V14 verificada.
Verificando migración de DB v15...
Migración V15 verificada.
Verificando migración de DB v16...
Migración v16 verificada.
Verificando migración de DB v17...
Migración V17 verificada.
Verificando migración de DB v18...
Migración V18 verificada.
Verificando migración de DB v19...
Migración V19 verificada.
Verificando migración de DB v20...
Migración V20 verificada.
IA: Entrenada con 28 ejemplos semilla.
IA: Refinada con 22 tareas históricas.

================================================================
 MODO DESARROLLO (Windows)
 Servidor iniciado en hostname: DESKTOP-BVVVOGR
================================================================
Inicializando base de datos MySQL...
Base de datos lista y estructura verificada.
Verificando migración de DB v2...
Migración v2 verificada.
Verificando migración de DB v3...
Migración v3 verificada.
Verificando migración de DB v4...
Migración v4 verificada.
Verificando migración de DB v5...
Migración v5 verificada.
Verificando migración de DB v6...
Migración V6 verificada.
Verificando migración de DB v7...
Migración V7 verificada.
Verificando migración de DB v8...
Migración V8 verificada.
Verificando migración de DB v9...
Migración V9 verificada.
Verificando migración de DB v10...
Migración V10 verificada.
Verificando migración de DB v11...
Migración V11 verificada.
Verificando migración de DB v12...
Migración V12 verificada.
Verificando migración de DB v13...
Migración V13 verificada.
Verificando migración de DB v14...
Migración V14 verificada.
Verificando migración de DB v15...
Migración V15 verificada.
Verificando migración de DB v16...
Migración v16 verificada.
Verificando migración de DB v17...
Migración V17 verificada.
Verificando migración de DB v18...
Migración V18 verificada.
Verificando migración de DB v19...
Migración V19 verificada.
Verificando migración de DB v20...
Migración V20 verificada.
IA: Entrenada con 28 ejemplos semilla.
IA: Refinada con 22 tareas históricas.

================================================================
 MODO DESARROLLO (Windows)
 Servidor iniciado en hostname: DESKTOP-BVVVOGR
================================================================
Inicializando base de datos MySQL...
Base de datos lista y estructura verificada.
Verificando migración de DB v2...
Migración v2 verificada.
Verificando migración de DB v3...
Migración v3 verificada.
Verificando migración de DB v4...
Migración v4 verificada.
Verificando migración de DB v5...
Migración v5 verificada.
Verificando migración de DB v6...
Migración V6 verificada.
Verificando migración de DB v7...
Migración V7 verificada.
Verificando migración de DB v8...
Migración V8 verificada.
Verificando migración de DB v9...
Migración V9 verificada.
Verificando migración de DB v10...
Migración V10 verificada.
Verificando migración de DB v11...
Migración V11 verificada.
Verificando migración de DB v12...
Migración V12 verificada.
Verificando migración de DB v13...
Migración V13 verificada.
Verificando migración de DB v14...
Migración V14 verificada.
Verificando migración de DB v15...
Migración V15 verificada.
Verificando migración de DB v16...
Migración v16 verificada.
Verificando migración de DB v17...
Migración V17 verificada.
Verificando migración de DB v18...
Migración V18 verificada.
Verificando migración de DB v19...
Migración V19 verificada.
Verificando migración de DB v20...
Migración V20 verificada.
IA: Entrenada con 28 ejemplos semilla.
IA: Refinada con 22 tareas históricas.

================================================================
 MODO DESARROLLO (Windows)
 Servidor iniciado en hostname: DESKTOP-BVVVOGR
================================================================
Inicializando base de datos MySQL...
Base de datos lista y estructura verificada.
Verificando migración de DB v2...
Migración v2 verificada.
Verificando migración de DB v3...
Migración v3 verificada.
Verificando migración de DB v4...
Migración v4 verificada.
Verificando migración de DB v5...
Migración v5 verificada.
Verificando migración de DB v6...
Migración V6 verificada.
Verificando migración de DB v7...
Migración V7 verificada.
Verificando migración de DB v8...
Migración V8 verificada.
Verificando migración de DB v9...
Migración V9 verificada.
Verificando migración de DB v10...
Migración V10 verificada.
Verificando migración de DB v11...
Migración V11 verificada.
Verificando migración de DB v12...
Migración V12 verificada.
Verificando migración de DB v13...
Migración V13 verificada.
Verificando migración de DB v14...
Migración V14 verificada.
Verificando migración de DB v15...
Migración V15 verificada.
Verificando migración de DB v16...
Migración v16 verificada.
Verificando migración de DB v17...
Migración V17 verificada.
Verificando migración de DB v18...
Migración V18 verificada.
Verificando migración de DB v19...
Migración V19 verificada.
Verificando migración de DB v20...
Migración V20 verificada.
IA: Entrenada con 28 ejemplos semilla.
IA: Refinada con 22 tareas históricas.

================================================================
 MODO DESARROLLO (Windows)
 Servidor iniciado en hostname: DESKTOP-BVVVOGR
================================================================
Inicializando base de datos MySQL...
Base de datos lista y estructura verificada.
Verificando migración de DB v2...
Migración v2 verificada.
Verificando migración de DB v3...
Migración v3 verificada.
Verificando migración de DB v4...
Migración v4 verificada.
Verificando migración de DB v5...
Migración v5 verificada.
Verificando migración de DB v6...
Migración V6 verificada.
Verificando migración de DB v7...
Migración V7 verificada.
Verificando migración de DB v8...
Migración V8 verificada.
Verificando migración de DB v9...
Migración V9 verificada.
Verificando migración de DB v10...
Migración V10 verificada.
Verificando migración de DB v11...
Migración V11 verificada.
Verificando migración de DB v12...
Migración V12 verificada.
Verificando migración de DB v13...
Migración V13 verificada.
Verificando migración de DB v14...
Migración V14 verificada.
Verificando migración de DB v15...
Migración V15 verificada.
Verificando migración de DB v16...
Migración v16 verificada.
Verificando migración de DB v17...
Migración V17 verificada.
Verificando migración de DB v18...
Migración V18 verificada.
Verificando migración de DB v19...
Migración V19 verificada.
Verificando migración de DB v20...
Migración V20 verificada.
IA: Entrenada con 28 ejemplos semilla.
IA: Refinada con 22 tareas históricas.

================================================================
 MODO DESARROLLO (Windows)
 Servidor iniciado en hostname: DESKTOP-BVVVOGR
================================================================
Inicializando base de datos MySQL...
Base de datos lista y estructura verificada.
Verificando migración de DB v2...
Migración v2 verificada.
Verificando migración de DB v3...
Migración v3 verificada.
Verificando migración de DB v4...
Migración v4 verificada.
Verificando migración de DB v5...
Migración v5 verificada.
Verificando migración de DB v6...
Migración V6 verificada.
Verificando migración de DB v7...
Migración V7 verificada.
Verificando migración de DB v8...
Migración V8 verificada.
Verificando migración de DB v9...
Migración V9 verificada.
Verificando migración de DB v10...
Migración V10 verificada.
Verificando migración de DB v11...
Migración V11 verificada.
Verificando migración de DB v12...
Migración V12 verificada.
Verificando migración de DB v13...
Migración V13 verificada.
Verificando migración de DB v14...
Migración V14 verificada.
Verificando migración de DB v15...
Migración V15 verificada.
Verificando migración de DB v16...
Migración v16 verificada.
Verificando migración de DB v17...
Migración V17 verificada.
Verificando migración de DB v18...
Migración V18 verificada.
Verificando migración de DB v19...
Migración V19 verificada.
Verificando migración de DB v20...
Migración V20 verificada.
IA: Entrenada con 28 ejemplos semilla.
IA: Refinada con 22 tareas históricas.

================================================================
 MODO DESARROLLO (Windows)
 Servidor iniciado en hostname: DESKTOP-BVVVOGR
================================================================
Inicializando base de datos MySQL...
Base de datos lista y estructura verificada.
Verificando migración de DB v2...
Migración v2 verificada.
Verificando migración de DB v3...
Migración v3 verificada.
Verificando migración de DB v4...
Migración v4 verificada.
Verificando migración de DB v5...
Migración v5 verificada.
Verificando migración de DB v6...
Migración V6 verificada.
Verificando migración de DB v7...
Migración V7 verificada.
Verificando migración de DB v8...
Migración V8 verificada.
Verificando migración de DB v9...
Migración V9 verificada.
Verificando migración de DB v10...
Migración V10 verificada.
Verificando migración de DB v11...
Migración V11 verificada.
Verificando migración de DB v12...
Migración V12 verificada.
Verificando migración de DB v13...
Migración V13 verificada.
Verificando migración de DB v14...
Migración V14 verificada.
Verificando migración de DB v15...
Migración V15 verificada.
Verificando migración de DB v16...
Migración v16 verificada.
Verificando migración de DB v17...
Migración V17 verificada.
Verificando migración de DB v18...
Migración V18 verificada.
Verificando migración de DB v19...
Migración V19 verificada.
Verificando migración de DB v20...
Migración V20 verificada.
IA: Entrenada con 28 ejemplos semilla.
IA: Refinada con 22 tareas históricas.

================================================================
 MODO DESARROLLO (Windows)
 Servidor iniciado en hostname: DESKTOP-BVVVOGR
================================================================
Inicializando base de datos MySQL...
Base de datos lista y estructura verificada.
Verificando migración de DB v2...
Migración v2 verificada.
Verificando migración de DB v3...
Migración v3 verificada.
Verificando migración de DB v4...
Migración v4 verificada.
Verificando migración de DB v5...
Migración v5 verificada.
Verificando migración de DB v6...
Migración V6 verificada.
Verificando migración de DB v7...
Migración V7 verificada.
Verificando migración de DB v8...
Migración V8 verificada.
Verificando migración de DB v9...
Migración V9 verificada.
Verificando migración de DB v10...
Migración V10 verificada.
Verificando migración de DB v11...
Migración V11 verificada.
Verificando migración de DB v12...
Migración V12 verificada.
Verificando migración de DB v13...
Migración V13 verificada.
Verificando migración de DB v14...
Migración V14 verificada.
Verificando migración de DB v15...
Migración V15 verificada.
Verificando migración de DB v16...
Migración v16 verificada.
Verificando migración de DB v17...
Migración V17 verificada.
Verificando migración de DB v18...
Migración V18 verificada.
Verificando migración de DB v19...
Migración V19 verificada.
Verificando migración de DB v20...
Migración V20 verificada.
IA: Entrenada con 28 ejemplos semilla.
IA: Refinada con 22 tareas históricas.

================================================================
 MODO DESARROLLO (Windows)
 Servidor iniciado en hostname: DESKTOP-BVVVOGR
================================================================
Fueros actualizados para 3 PCs.
Inicializando base de datos MySQL...
Base de datos lista y estructura verificada.
Verificando migración de DB v2...
Migración v2 verificada.
Verificando migración de DB v3...
Migración v3 verificada.
Verificando migración de DB v4...
Migración v4 verificada.
Verificando migración de DB v5...
Migración v5 verificada.
Verificando migración de DB v6...
Migración V6 verificada.
Verificando migración de DB v7...
Migración V7 verificada.
Verificando migración de DB v8...
Migración V8 verificada.
Verificando migración de DB v9...
Migración V9 verificada.
Verificando migración de DB v10...
Migración V10 verificada.
Verificando migración de DB v11...
Migración V11 verificada.
Verificando migración de DB v12...
Migración V12 verificada.
Verificando migración de DB v13...
Migración V13 verificada.
Verificando migración de DB v14...
Migración V14 verificada.
Verificando migración de DB v15...
Migración V15 verificada.
Verificando migración de DB v16...
Migración v16 verificada.
Verificando migración de DB v17...
Migración V17 verificada.
Verificando migración de DB v18...
Migración V18 verificada.
Verificando migración de DB v19...
Migración V19 verificada.
Verificando migración de DB v20...
Migración V20 verificada.
IA: Entrenada con 28 ejemplos semilla.
IA: Refinada con 22 tareas históricas.

================================================================
 MODO DESARROLLO (Windows)
 Servidor iniciado en hostname: DESKTOP-BVVVOGR
================================================================
Inicializando base de datos MySQL...
Base de datos lista y estructura verificada.
Verificando migración de DB v2...
Migración v2 verificada.
Verificando migración de DB v3...
Migración v3 verificada.
Verificando migración de DB v4...
Migración v4 verificada.
Verificando migración de DB v5...
Migración v5 verificada.
Verificando migración de DB v6...
Migración V6 verificada.
Verificando migración de DB v7...
Migración V7 verificada.
Verificando migración de DB v8...
Migración V8 verificada.
Verificando migración de DB v9...
Migración V9 verificada.
Verificando migración de DB v10...
Migración V10 verificada.
Verificando migración de DB v11...
Migración V11 verificada.
Verificando migración de DB v12...
Migración V12 verificada.
Verificando migración de DB v13...
Migración V13 verificada.
Verificando migración de DB v14...
Migración V14 verificada.
Verificando migración de DB v15...
Migración V15 verificada.
Verificando migración de DB v16...
Migración v16 verificada.
Verificando migración de DB v17...
Migración V17 verificada.
Verificando migración de DB v18...
Migración V18 verificada.
Verificando migración de DB v19...
Migración V19 verificada.
Verificando migración de DB v20...
Migración V20 verificada.
IA: Entrenada con 28 ejemplos semilla.
IA: Refinada con 22 tareas históricas.

================================================================
 MODO DESARROLLO (Windows)
 Servidor iniciado en hostname: DESKTOP-BVVVOGR
================================================================
Inicializando base de datos MySQL...
Base de datos lista y estructura verificada.
Verificando migración de DB v2...
Migración v2 verificada.
Verificando migración de DB v3...
Migración v3 verificada.
Verificando migración de DB v4...
Migración v4 verificada.
Verificando migración de DB v5...
Migración v5 verificada.
Verificando migración de DB v6...
Migración V6 verificada.
Verificando migración de DB v7...
Migración V7 verificada.
Verificando migración de DB v8...
Migración V8 verificada.
Verificando migración de DB v9...
Migración V9 verificada.
Verificando migración de DB v10...
Migración V10 verificada.
Verificando migración de DB v11...
Migración V11 verificada.
Verificando migración de DB v12...
Migración V12 verificada.
Verificando migración de DB v13...
Migración V13 verificada.
Verificando migración de DB v14...
Migración V14 verificada.
Verificando migración de DB v15...
Migración V15 verificada.
Verificando migración de DB v16...
Migración v16 verificada.
Verificando migración de DB v17...
Migración V17 verificada.
Verificando migración de DB v18...
Migración V18 verificada.
Verificando migración de DB v19...
Migración V19 verificada.
Verificando migración de DB v20...
Migración V20 verificada.
IA: Entrenada con 28 ejemplos semilla.
IA: Refinada con 22 tareas históricas.

================================================================
 MODO DESARROLLO (Windows)
 Servidor iniciado en hostname: DESKTOP-BVVVOGR
================================================================
Inicializando base de datos MySQL...
Base de datos lista y estructura verificada.
Verificando migración de DB v2...
Migración v2 verificada.
Verificando migración de DB v3...
Migración v3 verificada.
Verificando migración de DB v4...
Migración v4 verificada.
Verificando migración de DB v5...
Migración v5 verificada.
Verificando migración de DB v6...
Migración V6 verificada.
Verificando migración de DB v7...
Migración V7 verificada.
Verificando migración de DB v8...
Migración V8 verificada.
Verificando migración de DB v9...
Migración V9 verificada.
Verificando migración de DB v10...
Migración V10 verificada.
Verificando migración de DB v11...
Migración V11 verificada.
Verificando migración de DB v12...
Migración V12 verificada.
Verificando migración de DB v13...
Migración V13 verificada.
Verificando migración de DB v14...
Migración V14 verificada.
Verificando migración de DB v15...
Migración V15 verificada.
Verificando migración de DB v16...
Migración v16 verificada.
Verificando migración de DB v17...
Migración V17 verificada.
Verificando migración de DB v18...
Migración V18 verificada.
Verificando migración de DB v19...
Migración V19 verificada.
Verificando migración de DB v20...
Migración V20 verificada.
IA: Entrenada con 28 ejemplos semilla.
IA: Refinada con 22 tareas históricas.

================================================================
 MODO DESARROLLO (Windows)
 Servidor iniciado en hostname: DESKTOP-BVVVOGR
================================================================
Inicializando base de datos MySQL...
Base de datos lista y estructura verificada.
Verificando migración de DB v2...
Migración v2 verificada.
Verificando migración de DB v3...
Migración v3 verificada.
Verificando migración de DB v4...
Migración v4 verificada.
Verificando migración de DB v5...
Migración v5 verificada.
Verificando migración de DB v6...
Migración V6 verificada.
Verificando migración de DB v7...
Migración V7 verificada.
Verificando migración de DB v8...
Migración V8 verificada.
Verificando migración de DB v9...
Migración V9 verificada.
Verificando migración de DB v10...
Migración V10 verificada.
Verificando migración de DB v11...
Migración V11 verificada.
Verificando migración de DB v12...
Migración V12 verificada.
Verificando migración de DB v13...
Migración V13 verificada.
Verificando migración de DB v14...
Migración V14 verificada.
Verificando migración de DB v15...
Migración V15 verificada.
Verificando migración de DB v16...
Migración v16 verificada.
Verificando migración de DB v17...
Migración V17 verificada.
Verificando migración de DB v18...
Migración V18 verificada.
Verificando migración de DB v19...
Migración V19 verificada.
Verificando migración de DB v20...
Migración V20 verificada.
IA: Entrenada con 28 ejemplos semilla.
IA: Refinada con 22 tareas históricas.

================================================================
 MODO DESARROLLO (Windows)
 Servidor iniciado en hostname: DESKTOP-BVVVOGR
================================================================
